C:\Program Files (x86)\MSBuild\Microsoft.Cpp\v4.0\V110\Microsoft.CppBuild.targets(346,5): warning MSB8004: Output Directory does not end with a trailing slash.  This build instance will add the slash as it is required to allow proper evaluation of the Output Directory.
  Role.cpp
f:\cocos2d-x-2.2.2\cocos2d-x-2.2.2\projects\paoku\classes\role.cpp : warning C4819: 该文件包含不能在当前代码页(936)中表示的字符。请将该文件保存为 Unicode 格式以防止数据丢失
f:\cocos2d-x-2.2.2\cocos2d-x-2.2.2\projects\paoku\classes\role.h : warning C4819: 该文件包含不能在当前代码页(936)中表示的字符。请将该文件保存为 Unicode 格式以防止数据丢失
f:\cocos2d-x-2.2.2\cocos2d-x-2.2.2\projects\paoku\classes\role.h(34): warning C4305: “初始化”: 从“double”到“float”截断
f:\cocos2d-x-2.2.2\cocos2d-x-2.2.2\projects\paoku\classes\role.cpp(72): warning C4018: “<”: 有符号/无符号不匹配
f:\cocos2d-x-2.2.2\cocos2d-x-2.2.2\projects\paoku\classes\role.cpp(552): warning C4018: “<”: 有符号/无符号不匹配
f:\cocos2d-x-2.2.2\cocos2d-x-2.2.2\projects\paoku\classes\role.cpp(585): warning C4068: 未知的杂注
f:\cocos2d-x-2.2.2\cocos2d-x-2.2.2\projects\paoku\classes\role.cpp(593): warning C4018: “<”: 有符号/无符号不匹配
  GameFatherLayer.cpp
f:\cocos2d-x-2.2.2\cocos2d-x-2.2.2\projects\paoku\classes\gamefatherlayer.cpp : warning C4819: 该文件包含不能在当前代码页(936)中表示的字符。请将该文件保存为 Unicode 格式以防止数据丢失
f:\cocos2d-x-2.2.2\cocos2d-x-2.2.2\projects\paoku\classes\role.h : warning C4819: 该文件包含不能在当前代码页(936)中表示的字符。请将该文件保存为 Unicode 格式以防止数据丢失
f:\cocos2d-x-2.2.2\cocos2d-x-2.2.2\projects\paoku\classes\role.h(34): warning C4305: “初始化”: 从“double”到“float”截断
f:\cocos2d-x-2.2.2\cocos2d-x-2.2.2\projects\paoku\classes\bbbutton.h : warning C4819: 该文件包含不能在当前代码页(936)中表示的字符。请将该文件保存为 Unicode 格式以防止数据丢失
f:\cocos2d-x-2.2.2\cocos2d-x-2.2.2\projects\paoku\classes\gamefatherlayer.cpp(80): warning C4018: “<”: 有符号/无符号不匹配
  正在生成代码...
  正在跳过...(未检测到相关更改)
  BBButton.cpp
  AppDelegate.cpp
  复制了 2 个文件
  paoku.vcxproj -> F:\cocos2d-x-2.2.2\cocos2d-x-2.2.2\projects\paoku\proj.win32\..\..\..\Debug.win32\paoku.exe
